[2025-07-15T12:45:14.388+0000] {taskinstance.py:1956} INFO - Dependencies all met for dep_context=non-requeueable deps ti=<TaskInstance: currency_rates_daily_update.run_currency_pipeline manual__2025-07-15T12:45:13.568065+00:00 [queued]>
[2025-07-15T12:45:14.393+0000] {taskinstance.py:1956} INFO - Dependencies all met for dep_context=requeueable deps ti=<TaskInstance: currency_rates_daily_update.run_currency_pipeline manual__2025-07-15T12:45:13.568065+00:00 [queued]>
[2025-07-15T12:45:14.393+0000] {taskinstance.py:2170} INFO - Starting attempt 1 of 2
[2025-07-15T12:45:14.401+0000] {taskinstance.py:2191} INFO - Executing <Task(PythonOperator): run_currency_pipeline> on 2025-07-15 12:45:13.568065+00:00
[2025-07-15T12:45:14.404+0000] {standard_task_runner.py:60} INFO - Started process 280 to run task
[2025-07-15T12:45:14.407+0000] {standard_task_runner.py:87} INFO - Running: ['***', 'tasks', 'run', 'currency_rates_daily_update', 'run_currency_pipeline', 'manual__2025-07-15T12:45:13.568065+00:00', '--job-id', '507', '--raw', '--subdir', 'DAGS_FOLDER/currency_rates_daily_update.py', '--cfg-path', '/tmp/tmpoe_vn0uc']
[2025-07-15T12:45:14.409+0000] {standard_task_runner.py:88} INFO - Job 507: Subtask run_currency_pipeline
[2025-07-15T12:45:14.442+0000] {task_command.py:423} INFO - Running <TaskInstance: currency_rates_daily_update.run_currency_pipeline manual__2025-07-15T12:45:13.568065+00:00 [running]> on host c774547cc17d
[2025-07-15T12:45:14.501+0000] {taskinstance.py:2480} INFO - Exporting env vars: AIRFLOW_CTX_DAG_OWNER='***' AIRFLOW_CTX_DAG_ID='currency_rates_daily_update' AIRFLOW_CTX_TASK_ID='run_currency_pipeline' AIRFLOW_CTX_EXECUTION_DATE='2025-07-15T12:45:13.568065+00:00' AIRFLOW_CTX_TRY_NUMBER='1' AIRFLOW_CTX_DAG_RUN_ID='manual__2025-07-15T12:45:13.568065+00:00'
[2025-07-15T12:45:14.502+0000] {logging_mixin.py:188} INFO - Checking last date in prod table...
[2025-07-15T12:45:14.506+0000] {logging_mixin.py:188} INFO - Fetching currency rates from 2025-07-15 to 2025-07-15...
[2025-07-15T12:45:14.507+0000] {logging_mixin.py:188} INFO - Fetching 2025-07-15...
[2025-07-15T12:45:14.581+0000] {logging_mixin.py:188} INFO - Retrieved 1 rows.
[2025-07-15T12:45:14.592+0000] {logging_mixin.py:188} INFO - Upserted: 1 total records into prod.currency_rates
[2025-07-15T12:45:14.593+0000] {logging_mixin.py:188} INFO - Newly inserted: 0
[2025-07-15T12:45:14.594+0000] {logging_mixin.py:188} INFO - Updated: 1
[2025-07-15T12:45:14.596+0000] {logging_mixin.py:188} INFO - Upserted: 1 total records into playground.currency_rates
[2025-07-15T12:45:14.597+0000] {logging_mixin.py:188} INFO - Newly inserted: 0
[2025-07-15T12:45:14.597+0000] {logging_mixin.py:188} INFO - Updated: 1
[2025-07-15T12:45:14.598+0000] {python.py:201} INFO - Done. Returned value was: None
[2025-07-15T12:45:14.604+0000] {taskinstance.py:1138} INFO - Marking task as SUCCESS. dag_id=currency_rates_daily_update, task_id=run_currency_pipeline, execution_date=20250715T124513, start_date=20250715T124514, end_date=20250715T124514
[2025-07-15T12:45:14.620+0000] {local_task_job_runner.py:234} INFO - Task exited with return code 0
[2025-07-15T12:45:14.632+0000] {taskinstance.py:3280} INFO - 0 downstream tasks scheduled from follow-on schedule check
