[2025-07-15T12:05:43.102+0000] {processor.py:161} INFO - Started process (PID=179) to work on /opt/airflow/dags/currency_rates_daily_update.py
[2025-07-15T12:05:43.104+0000] {processor.py:830} INFO - Processing file /opt/airflow/dags/currency_rates_daily_update.py for tasks to queue
[2025-07-15T12:05:43.105+0000] {logging_mixin.py:188} INFO - [2025-07-15T12:05:43.105+0000] {dagbag.py:538} INFO - Filling up the DagBag from /opt/airflow/dags/currency_rates_daily_update.py
[2025-07-15T12:05:44.404+0000] {logging_mixin.py:188} INFO - Loaded Airflow environment
[2025-07-15T12:05:44.692+0000] {logging_mixin.py:188} INFO - [2025-07-15T12:05:44.683+0000] {dagbag.py:348} ERROR - Failed to import: /opt/airflow/dags/currency_rates_daily_update.py
Traceback (most recent call last):
  File "/home/airflow/.local/lib/python3.8/site-packages/airflow/models/dagbag.py", line 344, in parse
    loader.exec_module(new_module)
  File "<frozen importlib._bootstrap_external>", line 843, in exec_module
  File "<frozen importlib._bootstrap>", line 219, in _call_with_frames_removed
  File "/opt/airflow/dags/currency_rates_daily_update.py", line 11, in <module>
    from etl.etl_currencies import run_currency_pipeline
  File "/opt/airflow/etl/etl_currencies.py", line 17, in <module>
    from db.connection import get_connection
ModuleNotFoundError: No module named 'db'
[2025-07-15T12:05:44.694+0000] {processor.py:842} WARNING - No viable dags retrieved from /opt/airflow/dags/currency_rates_daily_update.py
[2025-07-15T12:05:44.710+0000] {processor.py:183} INFO - Processing /opt/airflow/dags/currency_rates_daily_update.py took 1.611 seconds
[2025-07-15T12:06:15.016+0000] {processor.py:161} INFO - Started process (PID=200) to work on /opt/airflow/dags/currency_rates_daily_update.py
[2025-07-15T12:06:15.017+0000] {processor.py:830} INFO - Processing file /opt/airflow/dags/currency_rates_daily_update.py for tasks to queue
[2025-07-15T12:06:15.018+0000] {logging_mixin.py:188} INFO - [2025-07-15T12:06:15.018+0000] {dagbag.py:538} INFO - Filling up the DagBag from /opt/airflow/dags/currency_rates_daily_update.py
[2025-07-15T12:06:15.278+0000] {logging_mixin.py:188} INFO - Loaded Airflow environment
[2025-07-15T12:06:15.425+0000] {logging_mixin.py:188} INFO - [2025-07-15T12:06:15.418+0000] {dagbag.py:348} ERROR - Failed to import: /opt/airflow/dags/currency_rates_daily_update.py
Traceback (most recent call last):
  File "/home/airflow/.local/lib/python3.8/site-packages/airflow/models/dagbag.py", line 344, in parse
    loader.exec_module(new_module)
  File "<frozen importlib._bootstrap_external>", line 843, in exec_module
  File "<frozen importlib._bootstrap>", line 219, in _call_with_frames_removed
  File "/opt/airflow/dags/currency_rates_daily_update.py", line 11, in <module>
    from etl.etl_currencies import run_currency_pipeline
  File "/opt/airflow/etl/etl_currencies.py", line 17, in <module>
    from db.connection import get_connection
ModuleNotFoundError: No module named 'db'
[2025-07-15T12:06:15.426+0000] {processor.py:842} WARNING - No viable dags retrieved from /opt/airflow/dags/currency_rates_daily_update.py
[2025-07-15T12:06:15.442+0000] {processor.py:183} INFO - Processing /opt/airflow/dags/currency_rates_daily_update.py took 0.428 seconds
[2025-07-15T12:06:45.698+0000] {processor.py:161} INFO - Started process (PID=212) to work on /opt/airflow/dags/currency_rates_daily_update.py
[2025-07-15T12:06:45.698+0000] {processor.py:830} INFO - Processing file /opt/airflow/dags/currency_rates_daily_update.py for tasks to queue
[2025-07-15T12:06:45.699+0000] {logging_mixin.py:188} INFO - [2025-07-15T12:06:45.699+0000] {dagbag.py:538} INFO - Filling up the DagBag from /opt/airflow/dags/currency_rates_daily_update.py
[2025-07-15T12:06:46.071+0000] {logging_mixin.py:188} INFO - Loaded Airflow environment
[2025-07-15T12:06:46.289+0000] {logging_mixin.py:188} INFO - [2025-07-15T12:06:46.284+0000] {dagbag.py:348} ERROR - Failed to import: /opt/airflow/dags/currency_rates_daily_update.py
Traceback (most recent call last):
  File "/home/airflow/.local/lib/python3.8/site-packages/airflow/models/dagbag.py", line 344, in parse
    loader.exec_module(new_module)
  File "<frozen importlib._bootstrap_external>", line 843, in exec_module
  File "<frozen importlib._bootstrap>", line 219, in _call_with_frames_removed
  File "/opt/airflow/dags/currency_rates_daily_update.py", line 11, in <module>
    from etl.etl_currencies import run_currency_pipeline
  File "/opt/airflow/etl/etl_currencies.py", line 17, in <module>
    from db.connection import get_connection
ModuleNotFoundError: No module named 'db'
[2025-07-15T12:06:46.291+0000] {processor.py:842} WARNING - No viable dags retrieved from /opt/airflow/dags/currency_rates_daily_update.py
[2025-07-15T12:06:46.304+0000] {processor.py:183} INFO - Processing /opt/airflow/dags/currency_rates_daily_update.py took 0.609 seconds
[2025-07-15T12:07:30.398+0000] {processor.py:161} INFO - Started process (PID=179) to work on /opt/airflow/dags/currency_rates_daily_update.py
[2025-07-15T12:07:30.399+0000] {processor.py:830} INFO - Processing file /opt/airflow/dags/currency_rates_daily_update.py for tasks to queue
[2025-07-15T12:07:30.400+0000] {logging_mixin.py:188} INFO - [2025-07-15T12:07:30.400+0000] {dagbag.py:538} INFO - Filling up the DagBag from /opt/airflow/dags/currency_rates_daily_update.py
[2025-07-15T12:07:31.496+0000] {logging_mixin.py:188} INFO - Loaded Airflow environment
[2025-07-15T12:07:31.749+0000] {processor.py:840} INFO - DAG(s) 'currency_rates_daily_update' retrieved from /opt/airflow/dags/currency_rates_daily_update.py
[2025-07-15T12:07:31.877+0000] {logging_mixin.py:188} INFO - [2025-07-15T12:07:31.876+0000] {override.py:1769} INFO - Created Permission View: can read on DAG:currency_rates_daily_update
[2025-07-15T12:07:31.887+0000] {logging_mixin.py:188} INFO - [2025-07-15T12:07:31.886+0000] {override.py:1769} INFO - Created Permission View: can edit on DAG:currency_rates_daily_update
[2025-07-15T12:07:31.892+0000] {logging_mixin.py:188} INFO - [2025-07-15T12:07:31.891+0000] {override.py:1769} INFO - Created Permission View: can delete on DAG:currency_rates_daily_update
[2025-07-15T12:07:31.892+0000] {logging_mixin.py:188} INFO - [2025-07-15T12:07:31.892+0000] {dag.py:3036} INFO - Sync 1 DAGs
[2025-07-15T12:07:31.900+0000] {logging_mixin.py:188} INFO - [2025-07-15T12:07:31.900+0000] {dag.py:3058} INFO - Creating ORM DAG for currency_rates_daily_update
[2025-07-15T12:07:31.907+0000] {logging_mixin.py:188} INFO - [2025-07-15T12:07:31.907+0000] {dag.py:3823} INFO - Setting next_dagrun for currency_rates_daily_update to 2025-07-14 00:00:00+00:00, run_after=2025-07-15 00:00:00+00:00
[2025-07-15T12:07:31.924+0000] {processor.py:183} INFO - Processing /opt/airflow/dags/currency_rates_daily_update.py took 1.529 seconds
[2025-07-15T12:08:02.085+0000] {processor.py:161} INFO - Started process (PID=197) to work on /opt/airflow/dags/currency_rates_daily_update.py
[2025-07-15T12:08:02.086+0000] {processor.py:830} INFO - Processing file /opt/airflow/dags/currency_rates_daily_update.py for tasks to queue
[2025-07-15T12:08:02.087+0000] {logging_mixin.py:188} INFO - [2025-07-15T12:08:02.087+0000] {dagbag.py:538} INFO - Filling up the DagBag from /opt/airflow/dags/currency_rates_daily_update.py
[2025-07-15T12:08:02.371+0000] {logging_mixin.py:188} INFO - Loaded Airflow environment
[2025-07-15T12:08:02.567+0000] {processor.py:840} INFO - DAG(s) 'currency_rates_daily_update' retrieved from /opt/airflow/dags/currency_rates_daily_update.py
[2025-07-15T12:08:02.585+0000] {logging_mixin.py:188} INFO - [2025-07-15T12:08:02.585+0000] {dag.py:3036} INFO - Sync 1 DAGs
[2025-07-15T12:08:02.603+0000] {logging_mixin.py:188} INFO - [2025-07-15T12:08:02.602+0000] {dag.py:3823} INFO - Setting next_dagrun for currency_rates_daily_update to 2025-07-15 00:00:00+00:00, run_after=2025-07-16 00:00:00+00:00
[2025-07-15T12:08:02.625+0000] {processor.py:183} INFO - Processing /opt/airflow/dags/currency_rates_daily_update.py took 0.544 seconds
[2025-07-15T12:08:32.833+0000] {processor.py:161} INFO - Started process (PID=209) to work on /opt/airflow/dags/currency_rates_daily_update.py
[2025-07-15T12:08:32.834+0000] {processor.py:830} INFO - Processing file /opt/airflow/dags/currency_rates_daily_update.py for tasks to queue
[2025-07-15T12:08:32.834+0000] {logging_mixin.py:188} INFO - [2025-07-15T12:08:32.834+0000] {dagbag.py:538} INFO - Filling up the DagBag from /opt/airflow/dags/currency_rates_daily_update.py
[2025-07-15T12:08:33.083+0000] {logging_mixin.py:188} INFO - Loaded Airflow environment
[2025-07-15T12:08:33.252+0000] {processor.py:840} INFO - DAG(s) 'currency_rates_daily_update' retrieved from /opt/airflow/dags/currency_rates_daily_update.py
[2025-07-15T12:08:33.267+0000] {logging_mixin.py:188} INFO - [2025-07-15T12:08:33.266+0000] {dag.py:3036} INFO - Sync 1 DAGs
[2025-07-15T12:08:33.281+0000] {logging_mixin.py:188} INFO - [2025-07-15T12:08:33.281+0000] {dag.py:3823} INFO - Setting next_dagrun for currency_rates_daily_update to 2025-07-15 00:00:00+00:00, run_after=2025-07-16 00:00:00+00:00
[2025-07-15T12:08:33.295+0000] {processor.py:183} INFO - Processing /opt/airflow/dags/currency_rates_daily_update.py took 0.465 seconds
[2025-07-15T12:09:03.577+0000] {processor.py:161} INFO - Started process (PID=224) to work on /opt/airflow/dags/currency_rates_daily_update.py
[2025-07-15T12:09:03.578+0000] {processor.py:830} INFO - Processing file /opt/airflow/dags/currency_rates_daily_update.py for tasks to queue
[2025-07-15T12:09:03.579+0000] {logging_mixin.py:188} INFO - [2025-07-15T12:09:03.578+0000] {dagbag.py:538} INFO - Filling up the DagBag from /opt/airflow/dags/currency_rates_daily_update.py
[2025-07-15T12:09:04.012+0000] {logging_mixin.py:188} INFO - Loaded Airflow environment
[2025-07-15T12:09:04.112+0000] {processor.py:840} INFO - DAG(s) 'currency_rates_daily_update' retrieved from /opt/airflow/dags/currency_rates_daily_update.py
[2025-07-15T12:09:04.130+0000] {logging_mixin.py:188} INFO - [2025-07-15T12:09:04.130+0000] {dag.py:3036} INFO - Sync 1 DAGs
[2025-07-15T12:09:04.148+0000] {logging_mixin.py:188} INFO - [2025-07-15T12:09:04.148+0000] {dag.py:3823} INFO - Setting next_dagrun for currency_rates_daily_update to 2025-07-15 00:00:00+00:00, run_after=2025-07-16 00:00:00+00:00
[2025-07-15T12:09:04.170+0000] {processor.py:183} INFO - Processing /opt/airflow/dags/currency_rates_daily_update.py took 0.595 seconds
[2025-07-15T12:09:37.352+0000] {processor.py:161} INFO - Started process (PID=179) to work on /opt/airflow/dags/currency_rates_daily_update.py
[2025-07-15T12:09:37.353+0000] {processor.py:830} INFO - Processing file /opt/airflow/dags/currency_rates_daily_update.py for tasks to queue
[2025-07-15T12:09:37.354+0000] {logging_mixin.py:188} INFO - [2025-07-15T12:09:37.354+0000] {dagbag.py:538} INFO - Filling up the DagBag from /opt/airflow/dags/currency_rates_daily_update.py
[2025-07-15T12:09:38.339+0000] {logging_mixin.py:188} INFO - Loaded Airflow environment
[2025-07-15T12:09:38.555+0000] {processor.py:840} INFO - DAG(s) 'currency_rates_daily_update' retrieved from /opt/airflow/dags/currency_rates_daily_update.py
[2025-07-15T12:09:38.577+0000] {logging_mixin.py:188} INFO - [2025-07-15T12:09:38.577+0000] {dag.py:3036} INFO - Sync 1 DAGs
[2025-07-15T12:09:38.593+0000] {logging_mixin.py:188} INFO - [2025-07-15T12:09:38.593+0000] {dag.py:3823} INFO - Setting next_dagrun for currency_rates_daily_update to 2025-07-15 00:00:00+00:00, run_after=2025-07-16 00:00:00+00:00
[2025-07-15T12:09:38.609+0000] {processor.py:183} INFO - Processing /opt/airflow/dags/currency_rates_daily_update.py took 1.260 seconds
[2025-07-15T12:10:08.855+0000] {processor.py:161} INFO - Started process (PID=200) to work on /opt/airflow/dags/currency_rates_daily_update.py
[2025-07-15T12:10:08.856+0000] {processor.py:830} INFO - Processing file /opt/airflow/dags/currency_rates_daily_update.py for tasks to queue
[2025-07-15T12:10:08.856+0000] {logging_mixin.py:188} INFO - [2025-07-15T12:10:08.856+0000] {dagbag.py:538} INFO - Filling up the DagBag from /opt/airflow/dags/currency_rates_daily_update.py
[2025-07-15T12:10:09.097+0000] {logging_mixin.py:188} INFO - Loaded Airflow environment
[2025-07-15T12:10:09.298+0000] {processor.py:840} INFO - DAG(s) 'currency_rates_daily_update' retrieved from /opt/airflow/dags/currency_rates_daily_update.py
[2025-07-15T12:10:09.316+0000] {logging_mixin.py:188} INFO - [2025-07-15T12:10:09.315+0000] {dag.py:3036} INFO - Sync 1 DAGs
[2025-07-15T12:10:09.329+0000] {logging_mixin.py:188} INFO - [2025-07-15T12:10:09.329+0000] {dag.py:3823} INFO - Setting next_dagrun for currency_rates_daily_update to 2025-07-15 00:00:00+00:00, run_after=2025-07-16 00:00:00+00:00
[2025-07-15T12:10:09.342+0000] {processor.py:183} INFO - Processing /opt/airflow/dags/currency_rates_daily_update.py took 0.490 seconds
[2025-07-15T12:10:39.600+0000] {processor.py:161} INFO - Started process (PID=212) to work on /opt/airflow/dags/currency_rates_daily_update.py
[2025-07-15T12:10:39.601+0000] {processor.py:830} INFO - Processing file /opt/airflow/dags/currency_rates_daily_update.py for tasks to queue
[2025-07-15T12:10:39.602+0000] {logging_mixin.py:188} INFO - [2025-07-15T12:10:39.602+0000] {dagbag.py:538} INFO - Filling up the DagBag from /opt/airflow/dags/currency_rates_daily_update.py
[2025-07-15T12:10:39.904+0000] {logging_mixin.py:188} INFO - Loaded Airflow environment
[2025-07-15T12:10:40.118+0000] {processor.py:840} INFO - DAG(s) 'currency_rates_daily_update' retrieved from /opt/airflow/dags/currency_rates_daily_update.py
[2025-07-15T12:10:40.134+0000] {logging_mixin.py:188} INFO - [2025-07-15T12:10:40.133+0000] {dag.py:3036} INFO - Sync 1 DAGs
[2025-07-15T12:10:40.149+0000] {logging_mixin.py:188} INFO - [2025-07-15T12:10:40.149+0000] {dag.py:3823} INFO - Setting next_dagrun for currency_rates_daily_update to 2025-07-15 00:00:00+00:00, run_after=2025-07-16 00:00:00+00:00
[2025-07-15T12:10:40.163+0000] {processor.py:183} INFO - Processing /opt/airflow/dags/currency_rates_daily_update.py took 0.566 seconds
[2025-07-15T12:24:03.132+0000] {processor.py:161} INFO - Started process (PID=178) to work on /opt/airflow/dags/currency_rates_daily_update.py
[2025-07-15T12:24:03.133+0000] {processor.py:830} INFO - Processing file /opt/airflow/dags/currency_rates_daily_update.py for tasks to queue
[2025-07-15T12:24:03.134+0000] {logging_mixin.py:188} INFO - [2025-07-15T12:24:03.134+0000] {dagbag.py:538} INFO - Filling up the DagBag from /opt/airflow/dags/currency_rates_daily_update.py
[2025-07-15T12:24:04.468+0000] {logging_mixin.py:188} INFO - Loaded Airflow environment
[2025-07-15T12:24:04.786+0000] {processor.py:840} INFO - DAG(s) 'currency_rates_daily_update' retrieved from /opt/airflow/dags/currency_rates_daily_update.py
[2025-07-15T12:24:04.811+0000] {logging_mixin.py:188} INFO - [2025-07-15T12:24:04.810+0000] {dag.py:3036} INFO - Sync 1 DAGs
[2025-07-15T12:24:04.826+0000] {logging_mixin.py:188} INFO - [2025-07-15T12:24:04.826+0000] {dag.py:3823} INFO - Setting next_dagrun for currency_rates_daily_update to 2025-07-15 00:00:00+00:00, run_after=2025-07-16 00:00:00+00:00
[2025-07-15T12:24:04.843+0000] {processor.py:183} INFO - Processing /opt/airflow/dags/currency_rates_daily_update.py took 1.714 seconds
[2025-07-15T12:24:35.119+0000] {processor.py:161} INFO - Started process (PID=200) to work on /opt/airflow/dags/currency_rates_daily_update.py
[2025-07-15T12:24:35.121+0000] {processor.py:830} INFO - Processing file /opt/airflow/dags/currency_rates_daily_update.py for tasks to queue
[2025-07-15T12:24:35.124+0000] {logging_mixin.py:188} INFO - [2025-07-15T12:24:35.124+0000] {dagbag.py:538} INFO - Filling up the DagBag from /opt/airflow/dags/currency_rates_daily_update.py
[2025-07-15T12:24:35.517+0000] {logging_mixin.py:188} INFO - Loaded Airflow environment
[2025-07-15T12:24:35.683+0000] {processor.py:840} INFO - DAG(s) 'currency_rates_daily_update' retrieved from /opt/airflow/dags/currency_rates_daily_update.py
[2025-07-15T12:24:35.697+0000] {logging_mixin.py:188} INFO - [2025-07-15T12:24:35.697+0000] {dag.py:3036} INFO - Sync 1 DAGs
[2025-07-15T12:24:35.710+0000] {logging_mixin.py:188} INFO - [2025-07-15T12:24:35.710+0000] {dag.py:3823} INFO - Setting next_dagrun for currency_rates_daily_update to 2025-07-15 00:00:00+00:00, run_after=2025-07-16 00:00:00+00:00
[2025-07-15T12:24:35.722+0000] {processor.py:183} INFO - Processing /opt/airflow/dags/currency_rates_daily_update.py took 0.605 seconds
[2025-07-15T12:25:06.036+0000] {processor.py:161} INFO - Started process (PID=215) to work on /opt/airflow/dags/currency_rates_daily_update.py
[2025-07-15T12:25:06.037+0000] {processor.py:830} INFO - Processing file /opt/airflow/dags/currency_rates_daily_update.py for tasks to queue
[2025-07-15T12:25:06.038+0000] {logging_mixin.py:188} INFO - [2025-07-15T12:25:06.038+0000] {dagbag.py:538} INFO - Filling up the DagBag from /opt/airflow/dags/currency_rates_daily_update.py
[2025-07-15T12:25:06.269+0000] {logging_mixin.py:188} INFO - Loaded Airflow environment
[2025-07-15T12:25:06.428+0000] {processor.py:840} INFO - DAG(s) 'currency_rates_daily_update' retrieved from /opt/airflow/dags/currency_rates_daily_update.py
[2025-07-15T12:25:06.443+0000] {logging_mixin.py:188} INFO - [2025-07-15T12:25:06.442+0000] {dag.py:3036} INFO - Sync 1 DAGs
[2025-07-15T12:25:06.456+0000] {logging_mixin.py:188} INFO - [2025-07-15T12:25:06.456+0000] {dag.py:3823} INFO - Setting next_dagrun for currency_rates_daily_update to 2025-07-15 00:00:00+00:00, run_after=2025-07-16 00:00:00+00:00
[2025-07-15T12:25:06.468+0000] {processor.py:183} INFO - Processing /opt/airflow/dags/currency_rates_daily_update.py took 0.434 seconds
[2025-07-15T12:25:44.950+0000] {processor.py:161} INFO - Started process (PID=179) to work on /opt/airflow/dags/currency_rates_daily_update.py
[2025-07-15T12:25:44.951+0000] {processor.py:830} INFO - Processing file /opt/airflow/dags/currency_rates_daily_update.py for tasks to queue
[2025-07-15T12:25:44.952+0000] {logging_mixin.py:188} INFO - [2025-07-15T12:25:44.951+0000] {dagbag.py:538} INFO - Filling up the DagBag from /opt/airflow/dags/currency_rates_daily_update.py
[2025-07-15T12:25:45.942+0000] {logging_mixin.py:188} INFO - Loaded Airflow environment
[2025-07-15T12:25:46.140+0000] {processor.py:840} INFO - DAG(s) 'currency_rates_daily_update' retrieved from /opt/airflow/dags/currency_rates_daily_update.py
[2025-07-15T12:25:46.170+0000] {logging_mixin.py:188} INFO - [2025-07-15T12:25:46.169+0000] {dag.py:3036} INFO - Sync 1 DAGs
[2025-07-15T12:25:46.186+0000] {logging_mixin.py:188} INFO - [2025-07-15T12:25:46.186+0000] {dag.py:3823} INFO - Setting next_dagrun for currency_rates_daily_update to 2025-07-15 00:00:00+00:00, run_after=2025-07-16 00:00:00+00:00
[2025-07-15T12:25:46.200+0000] {processor.py:183} INFO - Processing /opt/airflow/dags/currency_rates_daily_update.py took 1.253 seconds
[2025-07-15T12:26:16.469+0000] {processor.py:161} INFO - Started process (PID=194) to work on /opt/airflow/dags/currency_rates_daily_update.py
[2025-07-15T12:26:16.470+0000] {processor.py:830} INFO - Processing file /opt/airflow/dags/currency_rates_daily_update.py for tasks to queue
[2025-07-15T12:26:16.471+0000] {logging_mixin.py:188} INFO - [2025-07-15T12:26:16.471+0000] {dagbag.py:538} INFO - Filling up the DagBag from /opt/airflow/dags/currency_rates_daily_update.py
[2025-07-15T12:26:16.767+0000] {logging_mixin.py:188} INFO - Loaded Airflow environment
[2025-07-15T12:26:16.952+0000] {processor.py:840} INFO - DAG(s) 'currency_rates_daily_update' retrieved from /opt/airflow/dags/currency_rates_daily_update.py
[2025-07-15T12:26:16.967+0000] {logging_mixin.py:188} INFO - [2025-07-15T12:26:16.967+0000] {dag.py:3036} INFO - Sync 1 DAGs
[2025-07-15T12:26:16.981+0000] {logging_mixin.py:188} INFO - [2025-07-15T12:26:16.981+0000] {dag.py:3823} INFO - Setting next_dagrun for currency_rates_daily_update to 2025-07-15 00:00:00+00:00, run_after=2025-07-16 00:00:00+00:00
[2025-07-15T12:26:16.994+0000] {processor.py:183} INFO - Processing /opt/airflow/dags/currency_rates_daily_update.py took 0.530 seconds
[2025-07-15T12:27:09.156+0000] {processor.py:161} INFO - Started process (PID=178) to work on /opt/airflow/dags/currency_rates_daily_update.py
[2025-07-15T12:27:09.157+0000] {processor.py:830} INFO - Processing file /opt/airflow/dags/currency_rates_daily_update.py for tasks to queue
[2025-07-15T12:27:09.158+0000] {logging_mixin.py:188} INFO - [2025-07-15T12:27:09.158+0000] {dagbag.py:538} INFO - Filling up the DagBag from /opt/airflow/dags/currency_rates_daily_update.py
[2025-07-15T12:27:10.265+0000] {logging_mixin.py:188} INFO - Loaded Airflow environment
[2025-07-15T12:27:10.493+0000] {processor.py:840} INFO - DAG(s) 'currency_rates_daily_update' retrieved from /opt/airflow/dags/currency_rates_daily_update.py
[2025-07-15T12:27:10.518+0000] {logging_mixin.py:188} INFO - [2025-07-15T12:27:10.517+0000] {dag.py:3036} INFO - Sync 1 DAGs
[2025-07-15T12:27:10.533+0000] {logging_mixin.py:188} INFO - [2025-07-15T12:27:10.533+0000] {dag.py:3823} INFO - Setting next_dagrun for currency_rates_daily_update to 2025-07-15 00:00:00+00:00, run_after=2025-07-16 00:00:00+00:00
[2025-07-15T12:27:10.554+0000] {processor.py:183} INFO - Processing /opt/airflow/dags/currency_rates_daily_update.py took 1.402 seconds
[2025-07-15T12:27:40.808+0000] {processor.py:161} INFO - Started process (PID=194) to work on /opt/airflow/dags/currency_rates_daily_update.py
[2025-07-15T12:27:40.809+0000] {processor.py:830} INFO - Processing file /opt/airflow/dags/currency_rates_daily_update.py for tasks to queue
[2025-07-15T12:27:40.810+0000] {logging_mixin.py:188} INFO - [2025-07-15T12:27:40.810+0000] {dagbag.py:538} INFO - Filling up the DagBag from /opt/airflow/dags/currency_rates_daily_update.py
[2025-07-15T12:27:41.086+0000] {logging_mixin.py:188} INFO - Loaded Airflow environment
[2025-07-15T12:27:41.256+0000] {processor.py:840} INFO - DAG(s) 'currency_rates_daily_update' retrieved from /opt/airflow/dags/currency_rates_daily_update.py
[2025-07-15T12:27:41.274+0000] {logging_mixin.py:188} INFO - [2025-07-15T12:27:41.273+0000] {dag.py:3036} INFO - Sync 1 DAGs
[2025-07-15T12:27:41.288+0000] {logging_mixin.py:188} INFO - [2025-07-15T12:27:41.288+0000] {dag.py:3823} INFO - Setting next_dagrun for currency_rates_daily_update to 2025-07-15 00:00:00+00:00, run_after=2025-07-16 00:00:00+00:00
[2025-07-15T12:27:41.301+0000] {processor.py:183} INFO - Processing /opt/airflow/dags/currency_rates_daily_update.py took 0.495 seconds
[2025-07-15T12:28:11.599+0000] {processor.py:161} INFO - Started process (PID=212) to work on /opt/airflow/dags/currency_rates_daily_update.py
[2025-07-15T12:28:11.602+0000] {processor.py:830} INFO - Processing file /opt/airflow/dags/currency_rates_daily_update.py for tasks to queue
[2025-07-15T12:28:11.603+0000] {logging_mixin.py:188} INFO - [2025-07-15T12:28:11.603+0000] {dagbag.py:538} INFO - Filling up the DagBag from /opt/airflow/dags/currency_rates_daily_update.py
[2025-07-15T12:28:11.913+0000] {logging_mixin.py:188} INFO - Loaded Airflow environment
[2025-07-15T12:28:12.131+0000] {processor.py:840} INFO - DAG(s) 'currency_rates_daily_update' retrieved from /opt/airflow/dags/currency_rates_daily_update.py
[2025-07-15T12:28:12.146+0000] {logging_mixin.py:188} INFO - [2025-07-15T12:28:12.146+0000] {dag.py:3036} INFO - Sync 1 DAGs
[2025-07-15T12:28:12.159+0000] {logging_mixin.py:188} INFO - [2025-07-15T12:28:12.159+0000] {dag.py:3823} INFO - Setting next_dagrun for currency_rates_daily_update to 2025-07-15 00:00:00+00:00, run_after=2025-07-16 00:00:00+00:00
[2025-07-15T12:28:12.174+0000] {processor.py:183} INFO - Processing /opt/airflow/dags/currency_rates_daily_update.py took 0.577 seconds
[2025-07-15T12:28:42.480+0000] {processor.py:161} INFO - Started process (PID=224) to work on /opt/airflow/dags/currency_rates_daily_update.py
[2025-07-15T12:28:42.481+0000] {processor.py:830} INFO - Processing file /opt/airflow/dags/currency_rates_daily_update.py for tasks to queue
[2025-07-15T12:28:42.482+0000] {logging_mixin.py:188} INFO - [2025-07-15T12:28:42.482+0000] {dagbag.py:538} INFO - Filling up the DagBag from /opt/airflow/dags/currency_rates_daily_update.py
[2025-07-15T12:28:42.830+0000] {logging_mixin.py:188} INFO - Loaded Airflow environment
[2025-07-15T12:28:42.902+0000] {processor.py:840} INFO - DAG(s) 'currency_rates_daily_update' retrieved from /opt/airflow/dags/currency_rates_daily_update.py
[2025-07-15T12:28:42.918+0000] {logging_mixin.py:188} INFO - [2025-07-15T12:28:42.918+0000] {dag.py:3036} INFO - Sync 1 DAGs
[2025-07-15T12:28:42.933+0000] {logging_mixin.py:188} INFO - [2025-07-15T12:28:42.933+0000] {dag.py:3823} INFO - Setting next_dagrun for currency_rates_daily_update to 2025-07-15 00:00:00+00:00, run_after=2025-07-16 00:00:00+00:00
[2025-07-15T12:28:42.951+0000] {processor.py:183} INFO - Processing /opt/airflow/dags/currency_rates_daily_update.py took 0.474 seconds
[2025-07-15T12:29:13.203+0000] {processor.py:161} INFO - Started process (PID=239) to work on /opt/airflow/dags/currency_rates_daily_update.py
[2025-07-15T12:29:13.204+0000] {processor.py:830} INFO - Processing file /opt/airflow/dags/currency_rates_daily_update.py for tasks to queue
[2025-07-15T12:29:13.204+0000] {logging_mixin.py:188} INFO - [2025-07-15T12:29:13.204+0000] {dagbag.py:538} INFO - Filling up the DagBag from /opt/airflow/dags/currency_rates_daily_update.py
[2025-07-15T12:29:13.522+0000] {logging_mixin.py:188} INFO - Loaded Airflow environment
[2025-07-15T12:29:13.593+0000] {processor.py:840} INFO - DAG(s) 'currency_rates_daily_update' retrieved from /opt/airflow/dags/currency_rates_daily_update.py
[2025-07-15T12:29:13.608+0000] {logging_mixin.py:188} INFO - [2025-07-15T12:29:13.608+0000] {dag.py:3036} INFO - Sync 1 DAGs
[2025-07-15T12:29:13.622+0000] {logging_mixin.py:188} INFO - [2025-07-15T12:29:13.622+0000] {dag.py:3823} INFO - Setting next_dagrun for currency_rates_daily_update to 2025-07-15 00:00:00+00:00, run_after=2025-07-16 00:00:00+00:00
[2025-07-15T12:29:13.633+0000] {processor.py:183} INFO - Processing /opt/airflow/dags/currency_rates_daily_update.py took 0.433 seconds
[2025-07-15T12:29:43.959+0000] {processor.py:161} INFO - Started process (PID=251) to work on /opt/airflow/dags/currency_rates_daily_update.py
[2025-07-15T12:29:43.960+0000] {processor.py:830} INFO - Processing file /opt/airflow/dags/currency_rates_daily_update.py for tasks to queue
[2025-07-15T12:29:43.962+0000] {logging_mixin.py:188} INFO - [2025-07-15T12:29:43.961+0000] {dagbag.py:538} INFO - Filling up the DagBag from /opt/airflow/dags/currency_rates_daily_update.py
[2025-07-15T12:29:44.191+0000] {logging_mixin.py:188} INFO - Loaded Airflow environment
[2025-07-15T12:29:44.367+0000] {processor.py:840} INFO - DAG(s) 'currency_rates_daily_update' retrieved from /opt/airflow/dags/currency_rates_daily_update.py
[2025-07-15T12:29:44.384+0000] {logging_mixin.py:188} INFO - [2025-07-15T12:29:44.383+0000] {dag.py:3036} INFO - Sync 1 DAGs
[2025-07-15T12:29:44.399+0000] {logging_mixin.py:188} INFO - [2025-07-15T12:29:44.398+0000] {dag.py:3823} INFO - Setting next_dagrun for currency_rates_daily_update to 2025-07-15 00:00:00+00:00, run_after=2025-07-16 00:00:00+00:00
[2025-07-15T12:29:44.410+0000] {processor.py:183} INFO - Processing /opt/airflow/dags/currency_rates_daily_update.py took 0.454 seconds
[2025-07-15T12:30:14.673+0000] {processor.py:161} INFO - Started process (PID=266) to work on /opt/airflow/dags/currency_rates_daily_update.py
[2025-07-15T12:30:14.674+0000] {processor.py:830} INFO - Processing file /opt/airflow/dags/currency_rates_daily_update.py for tasks to queue
[2025-07-15T12:30:14.674+0000] {logging_mixin.py:188} INFO - [2025-07-15T12:30:14.674+0000] {dagbag.py:538} INFO - Filling up the DagBag from /opt/airflow/dags/currency_rates_daily_update.py
[2025-07-15T12:30:14.934+0000] {logging_mixin.py:188} INFO - Loaded Airflow environment
[2025-07-15T12:30:15.116+0000] {processor.py:840} INFO - DAG(s) 'currency_rates_daily_update' retrieved from /opt/airflow/dags/currency_rates_daily_update.py
[2025-07-15T12:30:15.134+0000] {logging_mixin.py:188} INFO - [2025-07-15T12:30:15.133+0000] {dag.py:3036} INFO - Sync 1 DAGs
[2025-07-15T12:30:15.149+0000] {logging_mixin.py:188} INFO - [2025-07-15T12:30:15.149+0000] {dag.py:3823} INFO - Setting next_dagrun for currency_rates_daily_update to 2025-07-15 00:00:00+00:00, run_after=2025-07-16 00:00:00+00:00
[2025-07-15T12:30:15.162+0000] {processor.py:183} INFO - Processing /opt/airflow/dags/currency_rates_daily_update.py took 0.492 seconds
