[2025-07-15T12:33:06.154+0000] {taskinstance.py:1956} INFO - Dependencies all met for dep_context=non-requeueable deps ti=<TaskInstance: currency_rates_daily_update.run_currency_pipeline manual__2025-07-15T12:33:04.934351+00:00 [queued]>
[2025-07-15T12:33:06.160+0000] {taskinstance.py:1956} INFO - Dependencies all met for dep_context=requeueable deps ti=<TaskInstance: currency_rates_daily_update.run_currency_pipeline manual__2025-07-15T12:33:04.934351+00:00 [queued]>
[2025-07-15T12:33:06.161+0000] {taskinstance.py:2170} INFO - Starting attempt 1 of 2
[2025-07-15T12:33:06.170+0000] {taskinstance.py:2191} INFO - Executing <Task(PythonOperator): run_currency_pipeline> on 2025-07-15 12:33:04.934351+00:00
[2025-07-15T12:33:06.174+0000] {standard_task_runner.py:60} INFO - Started process 349 to run task
[2025-07-15T12:33:06.176+0000] {standard_task_runner.py:87} INFO - Running: ['***', 'tasks', 'run', 'currency_rates_daily_update', 'run_currency_pipeline', 'manual__2025-07-15T12:33:04.934351+00:00', '--job-id', '492', '--raw', '--subdir', 'DAGS_FOLDER/currency_rates_daily_update.py', '--cfg-path', '/tmp/tmp2kvga0fw']
[2025-07-15T12:33:06.178+0000] {standard_task_runner.py:88} INFO - Job 492: Subtask run_currency_pipeline
[2025-07-15T12:33:06.210+0000] {task_command.py:423} INFO - Running <TaskInstance: currency_rates_daily_update.run_currency_pipeline manual__2025-07-15T12:33:04.934351+00:00 [running]> on host e1b8801d8e35
[2025-07-15T12:33:06.259+0000] {taskinstance.py:2480} INFO - Exporting env vars: AIRFLOW_CTX_DAG_OWNER='***' AIRFLOW_CTX_DAG_ID='currency_rates_daily_update' AIRFLOW_CTX_TASK_ID='run_currency_pipeline' AIRFLOW_CTX_EXECUTION_DATE='2025-07-15T12:33:04.934351+00:00' AIRFLOW_CTX_TRY_NUMBER='1' AIRFLOW_CTX_DAG_RUN_ID='manual__2025-07-15T12:33:04.934351+00:00'
[2025-07-15T12:33:06.260+0000] {logging_mixin.py:188} INFO - Checking last date in prod table...
[2025-07-15T12:33:06.264+0000] {logging_mixin.py:188} INFO - Fetching currency rates from 2025-07-15 to 2025-07-15...
[2025-07-15T12:33:06.265+0000] {logging_mixin.py:188} INFO - Fetching 2025-07-15...
[2025-07-15T12:33:06.433+0000] {logging_mixin.py:188} INFO - Retrieved 1 rows.
[2025-07-15T12:33:06.445+0000] {logging_mixin.py:188} INFO - Upserted: 1 total records into prod.currency_rates
[2025-07-15T12:33:06.445+0000] {logging_mixin.py:188} INFO - Newly inserted: 0
[2025-07-15T12:33:06.446+0000] {logging_mixin.py:188} INFO - Updated: 1
[2025-07-15T12:33:06.448+0000] {logging_mixin.py:188} INFO - Upserted: 1 total records into playground.currency_rates
[2025-07-15T12:33:06.448+0000] {logging_mixin.py:188} INFO - Newly inserted: 0
[2025-07-15T12:33:06.449+0000] {logging_mixin.py:188} INFO - Updated: 1
[2025-07-15T12:33:06.449+0000] {python.py:201} INFO - Done. Returned value was: None
[2025-07-15T12:33:06.455+0000] {taskinstance.py:1138} INFO - Marking task as SUCCESS. dag_id=currency_rates_daily_update, task_id=run_currency_pipeline, execution_date=20250715T123304, start_date=20250715T123306, end_date=20250715T123306
[2025-07-15T12:33:06.469+0000] {local_task_job_runner.py:234} INFO - Task exited with return code 0
[2025-07-15T12:33:06.481+0000] {taskinstance.py:3280} INFO - 0 downstream tasks scheduled from follow-on schedule check
