[2025-07-15T05:45:19.003+0000] {taskinstance.py:1956} INFO - Dependencies all met for dep_context=non-requeueable deps ti=<TaskInstance: prepare_raw_data_daily.extract_one_day_to_unprocessed scheduled__2025-07-15T05:43:00+00:00 [queued]>
[2025-07-15T05:45:19.012+0000] {taskinstance.py:1956} INFO - Dependencies all met for dep_context=requeueable deps ti=<TaskInstance: prepare_raw_data_daily.extract_one_day_to_unprocessed scheduled__2025-07-15T05:43:00+00:00 [queued]>
[2025-07-15T05:45:19.012+0000] {taskinstance.py:2170} INFO - Starting attempt 1 of 2
[2025-07-15T05:45:19.021+0000] {taskinstance.py:2191} INFO - Executing <Task(PythonOperator): extract_one_day_to_unprocessed> on 2025-07-15 05:43:00+00:00
[2025-07-15T05:45:19.025+0000] {standard_task_runner.py:60} INFO - Started process 207 to run task
[2025-07-15T05:45:19.027+0000] {standard_task_runner.py:87} INFO - Running: ['***', 'tasks', 'run', 'prepare_raw_data_daily', 'extract_one_day_to_unprocessed', 'scheduled__2025-07-15T05:43:00+00:00', '--job-id', '214', '--raw', '--subdir', 'DAGS_FOLDER/extract_daily_to_s3.py', '--cfg-path', '/tmp/tmp5_gm_lef']
[2025-07-15T05:45:19.029+0000] {standard_task_runner.py:88} INFO - Job 214: Subtask extract_one_day_to_unprocessed
[2025-07-15T05:45:19.063+0000] {task_command.py:423} INFO - Running <TaskInstance: prepare_raw_data_daily.extract_one_day_to_unprocessed scheduled__2025-07-15T05:43:00+00:00 [running]> on host 5dadd59cc86d
[2025-07-15T05:45:19.122+0000] {taskinstance.py:2480} INFO - Exporting env vars: AIRFLOW_CTX_DAG_OWNER='***' AIRFLOW_CTX_DAG_ID='prepare_raw_data_daily' AIRFLOW_CTX_TASK_ID='extract_one_day_to_unprocessed' AIRFLOW_CTX_EXECUTION_DATE='2025-07-15T05:43:00+00:00' AIRFLOW_CTX_TRY_NUMBER='1' AIRFLOW_CTX_DAG_RUN_ID='scheduled__2025-07-15T05:43:00+00:00'
[2025-07-15T05:45:19.133+0000] {logging_mixin.py:188} INFO - Creating bucket 'unprocessed-files'...
[2025-07-15T05:45:19.139+0000] {logging_mixin.py:188} INFO - 🔄 Loading raw CSV files...
[2025-07-15T05:45:23.293+0000] {logging_mixin.py:188} INFO - Checking what has already been processed...
[2025-07-15T05:45:23.297+0000] {logging_mixin.py:188} INFO - Processing day: 2022/01/01
[2025-07-15T05:45:23.490+0000] {logging_mixin.py:188} INFO - Saved 2022/01/01/online.csv
[2025-07-15T05:45:23.501+0000] {logging_mixin.py:188} INFO - Saved 2022/01/01/offline.csv
[2025-07-15T05:45:23.502+0000] {logging_mixin.py:188} INFO - ✅ Finished generating daily files for 2022/01/01
[2025-07-15T05:45:23.566+0000] {python.py:201} INFO - Done. Returned value was: None
[2025-07-15T05:45:23.574+0000] {taskinstance.py:1138} INFO - Marking task as SUCCESS. dag_id=prepare_raw_data_daily, task_id=extract_one_day_to_unprocessed, execution_date=20250715T054300, start_date=20250715T054519, end_date=20250715T054523
[2025-07-15T05:45:23.618+0000] {local_task_job_runner.py:234} INFO - Task exited with return code 0
[2025-07-15T05:45:23.631+0000] {taskinstance.py:3280} INFO - 0 downstream tasks scheduled from follow-on schedule check
