[2025-07-15T12:47:36.399+0000] {taskinstance.py:1956} INFO - Dependencies all met for dep_context=non-requeueable deps ti=<TaskInstance: prepare_raw_data_daily.extract_one_day_to_unprocessed scheduled__2025-07-15T12:46:00+00:00 [queued]>
[2025-07-15T12:47:36.404+0000] {taskinstance.py:1956} INFO - Dependencies all met for dep_context=requeueable deps ti=<TaskInstance: prepare_raw_data_daily.extract_one_day_to_unprocessed scheduled__2025-07-15T12:46:00+00:00 [queued]>
[2025-07-15T12:47:36.407+0000] {taskinstance.py:2170} INFO - Starting attempt 1 of 2
[2025-07-15T12:47:36.420+0000] {taskinstance.py:2191} INFO - Executing <Task(PythonOperator): extract_one_day_to_unprocessed> on 2025-07-15 12:46:00+00:00
[2025-07-15T12:47:36.424+0000] {standard_task_runner.py:60} INFO - Started process 205 to run task
[2025-07-15T12:47:36.426+0000] {standard_task_runner.py:87} INFO - Running: ['***', 'tasks', 'run', 'prepare_raw_data_daily', 'extract_one_day_to_unprocessed', 'scheduled__2025-07-15T12:46:00+00:00', '--job-id', '509', '--raw', '--subdir', 'DAGS_FOLDER/extract_daily_to_s3.py', '--cfg-path', '/tmp/tmpsj_39mma']
[2025-07-15T12:47:36.428+0000] {standard_task_runner.py:88} INFO - Job 509: Subtask extract_one_day_to_unprocessed
[2025-07-15T12:47:36.465+0000] {task_command.py:423} INFO - Running <TaskInstance: prepare_raw_data_daily.extract_one_day_to_unprocessed scheduled__2025-07-15T12:46:00+00:00 [running]> on host 9b64cb4f6e82
[2025-07-15T12:47:36.521+0000] {taskinstance.py:2480} INFO - Exporting env vars: AIRFLOW_CTX_DAG_OWNER='***' AIRFLOW_CTX_DAG_ID='prepare_raw_data_daily' AIRFLOW_CTX_TASK_ID='extract_one_day_to_unprocessed' AIRFLOW_CTX_EXECUTION_DATE='2025-07-15T12:46:00+00:00' AIRFLOW_CTX_TRY_NUMBER='1' AIRFLOW_CTX_DAG_RUN_ID='scheduled__2025-07-15T12:46:00+00:00'
[2025-07-15T12:47:36.530+0000] {logging_mixin.py:188} INFO - Creating bucket 'unprocessed-files'...
[2025-07-15T12:47:36.535+0000] {logging_mixin.py:188} INFO - 🔄 Loading raw CSV files...
[2025-07-15T12:47:40.174+0000] {logging_mixin.py:188} INFO - Checking what has already been processed...
[2025-07-15T12:47:40.179+0000] {logging_mixin.py:188} INFO - Processing day: 2022/01/01
[2025-07-15T12:47:40.358+0000] {logging_mixin.py:188} INFO - Saved 2022/01/01/online.csv
[2025-07-15T12:47:40.370+0000] {logging_mixin.py:188} INFO - Saved 2022/01/01/offline.csv
[2025-07-15T12:47:40.372+0000] {logging_mixin.py:188} INFO - ✅ Finished generating daily files for 2022/01/01
[2025-07-15T12:47:40.434+0000] {python.py:201} INFO - Done. Returned value was: None
[2025-07-15T12:47:40.443+0000] {taskinstance.py:1138} INFO - Marking task as SUCCESS. dag_id=prepare_raw_data_daily, task_id=extract_one_day_to_unprocessed, execution_date=20250715T124600, start_date=20250715T124736, end_date=20250715T124740
[2025-07-15T12:47:40.495+0000] {local_task_job_runner.py:234} INFO - Task exited with return code 0
[2025-07-15T12:47:40.542+0000] {taskinstance.py:3280} INFO - 0 downstream tasks scheduled from follow-on schedule check
