[2025-07-15T12:27:10.613+0000] {taskinstance.py:1956} INFO - Dependencies all met for dep_context=non-requeueable deps ti=<TaskInstance: prepare_raw_data_daily.extract_one_day_to_unprocessed scheduled__2025-07-15T12:26:00+00:00 [queued]>
[2025-07-15T12:27:10.619+0000] {taskinstance.py:1956} INFO - Dependencies all met for dep_context=requeueable deps ti=<TaskInstance: prepare_raw_data_daily.extract_one_day_to_unprocessed scheduled__2025-07-15T12:26:00+00:00 [queued]>
[2025-07-15T12:27:10.620+0000] {taskinstance.py:2170} INFO - Starting attempt 1 of 2
[2025-07-15T12:27:10.629+0000] {taskinstance.py:2191} INFO - Executing <Task(PythonOperator): extract_one_day_to_unprocessed> on 2025-07-15 12:26:00+00:00
[2025-07-15T12:27:10.633+0000] {standard_task_runner.py:60} INFO - Started process 193 to run task
[2025-07-15T12:27:10.635+0000] {standard_task_runner.py:87} INFO - Running: ['***', 'tasks', 'run', 'prepare_raw_data_daily', 'extract_one_day_to_unprocessed', 'scheduled__2025-07-15T12:26:00+00:00', '--job-id', '484', '--raw', '--subdir', 'DAGS_FOLDER/extract_daily_to_s3.py', '--cfg-path', '/tmp/tmpesrigeqj']
[2025-07-15T12:27:10.637+0000] {standard_task_runner.py:88} INFO - Job 484: Subtask extract_one_day_to_unprocessed
[2025-07-15T12:27:10.674+0000] {task_command.py:423} INFO - Running <TaskInstance: prepare_raw_data_daily.extract_one_day_to_unprocessed scheduled__2025-07-15T12:26:00+00:00 [running]> on host e1b8801d8e35
[2025-07-15T12:27:10.738+0000] {taskinstance.py:2480} INFO - Exporting env vars: AIRFLOW_CTX_DAG_OWNER='***' AIRFLOW_CTX_DAG_ID='prepare_raw_data_daily' AIRFLOW_CTX_TASK_ID='extract_one_day_to_unprocessed' AIRFLOW_CTX_EXECUTION_DATE='2025-07-15T12:26:00+00:00' AIRFLOW_CTX_TRY_NUMBER='1' AIRFLOW_CTX_DAG_RUN_ID='scheduled__2025-07-15T12:26:00+00:00'
[2025-07-15T12:27:10.749+0000] {logging_mixin.py:188} INFO - Creating bucket 'unprocessed-files'...
[2025-07-15T12:27:10.759+0000] {logging_mixin.py:188} INFO - 🔄 Loading raw CSV files...
[2025-07-15T12:27:14.671+0000] {logging_mixin.py:188} INFO - Checking what has already been processed...
[2025-07-15T12:27:14.675+0000] {logging_mixin.py:188} INFO - Processing day: 2022/01/01
[2025-07-15T12:27:14.870+0000] {logging_mixin.py:188} INFO - Saved 2022/01/01/online.csv
[2025-07-15T12:27:14.882+0000] {logging_mixin.py:188} INFO - Saved 2022/01/01/offline.csv
[2025-07-15T12:27:14.883+0000] {logging_mixin.py:188} INFO - ✅ Finished generating daily files for 2022/01/01
[2025-07-15T12:27:14.950+0000] {python.py:201} INFO - Done. Returned value was: None
[2025-07-15T12:27:14.958+0000] {taskinstance.py:1138} INFO - Marking task as SUCCESS. dag_id=prepare_raw_data_daily, task_id=extract_one_day_to_unprocessed, execution_date=20250715T122600, start_date=20250715T122710, end_date=20250715T122714
[2025-07-15T12:27:14.985+0000] {local_task_job_runner.py:234} INFO - Task exited with return code 0
[2025-07-15T12:27:14.998+0000] {taskinstance.py:3280} INFO - 0 downstream tasks scheduled from follow-on schedule check
